Build started 10/14/2014 12:02:05 PM.
     1>Project "C:\plus\plus.vcxproj" on node 2 (Build target(s)).
     1>ClCompile:
         C:\Program Files (x86)\Microsoft Visual Studio 12.0\VC\bin\CL.exe /c /ZI /nologo /W3 /WX- /Od /Oy- /D WIN32 /D _DEBUG /D _WINDOWS /D _VC80_UPGRADE=0x0600 /D _MBCS /Gm /EHsc /RTC1 /MTd /GS /Gy- /fp:precise /Zc:wchar_t /Zc:forScope /Fo".\Debug\\" /Fd".\Debug\vc120.pdb" /Gd /TC /analyze- /errorReport:prompt main.c
         main.c
     1>c:\plus\main.c(66): warning C4996: 'strcpy': This function or variable may be unsafe. Consider using strcpy_s instead. To disable deprecation, use _CRT_SECURE_NO_WARNINGS. See online help for details.
                 c:\program files (x86)\microsoft visual studio 12.0\vc\include\string.h(112) : see declaration of 'strcpy'
     1>c:\plus\main.c(125): warning C4996: 'fopen': This function or variable may be unsafe. Consider using fopen_s instead. To disable deprecation, use _CRT_SECURE_NO_WARNINGS. See online help for details.
                 c:\program files (x86)\microsoft visual studio 12.0\vc\include\stdio.h(211) : see declaration of 'fopen'
     1>c:\plus\main.c(130): warning C4996: 'fscanf': This function or variable may be unsafe. Consider using fscanf_s instead. To disable deprecation, use _CRT_SECURE_NO_WARNINGS. See online help for details.
                 c:\program files (x86)\microsoft visual studio 12.0\vc\include\stdio.h(230) : see declaration of 'fscanf'
     1>c:\plus\main.c(147): warning C4996: 'fopen': This function or variable may be unsafe. Consider using fopen_s instead. To disable deprecation, use _CRT_SECURE_NO_WARNINGS. See online help for details.
                 c:\program files (x86)\microsoft visual studio 12.0\vc\include\stdio.h(211) : see declaration of 'fopen'
     1>c:\plus\main.c(148): warning C4996: 'fscanf': This function or variable may be unsafe. Consider using fscanf_s instead. To disable deprecation, use _CRT_SECURE_NO_WARNINGS. See online help for details.
                 c:\program files (x86)\microsoft visual studio 12.0\vc\include\stdio.h(230) : see declaration of 'fscanf'
     1>c:\plus\main.c(243): warning C4996: 'sprintf': This function or variable may be unsafe. Consider using sprintf_s instead. To disable deprecation, use _CRT_SECURE_NO_WARNINGS. See online help for details.
                 c:\program files (x86)\microsoft visual studio 12.0\vc\include\stdio.h(356) : see declaration of 'sprintf'
     1>c:\plus\main.c(99): warning C4101: 'c2' : unreferenced local variable
     1>c:\plus\main.c(99): warning C4101: 'r2' : unreferenced local variable
     1>c:\plus\main.c(400): warning C4996: 'sprintf': This function or variable may be unsafe. Consider using sprintf_s instead. To disable deprecation, use _CRT_SECURE_NO_WARNINGS. See online help for details.
                 c:\program files (x86)\microsoft visual studio 12.0\vc\include\stdio.h(356) : see declaration of 'sprintf'
     1>c:\plus\main.c(521): warning C4244: 'function' : conversion from 'double' to 'int', possible loss of data
     1>c:\plus\main.c(535): warning C4244: 'function' : conversion from 'double' to 'int', possible loss of data
       Link:
         C:\Program Files (x86)\Microsoft Visual Studio 12.0\VC\bin\link.exe /ERRORREPORT:PROMPT /OUT:".\Debug\plus.exe" /INCREMENTAL /NOLOGO odbc32.lib odbccp32.lib kernel32.lib user32.lib gdi32.lib winspool.lib comdlg32.lib advapi32.lib shell32.lib ole32.lib oleaut32.lib uuid.lib odbc32.lib odbccp32.lib /MANIFEST /MANIFESTUAC:"level='asInvoker' uiAccess='false'" /manifest:embed /DEBUG /PDB:".\Debug\plus.pdb" /SUBSYSTEM:WINDOWS /TLBID:1 /DYNAMICBASE /NXCOMPAT /IMPLIB:".\Debug\plus.lib" /MACHINE:X86 /SAFESEH .\Debug\interface.res
         .\Debug\main.obj
         plus.vcxproj -> C:\plus\.\Debug\plus.exe
     1>Done Building Project "C:\plus\plus.vcxproj" (Build target(s)).

Build succeeded.

Time Elapsed 00:00:00.96
